[15:18:52] [Client thread/INFO]: Setting user: Player918
[15:18:58] [Client thread/WARN]: Skipping bad option: lastServer:
[15:18:58] [Client thread/INFO]: LWJGL Version: 2.9.4
[15:19:06] [Client thread/INFO]: Reloading ResourceManager: Default, FMLFileResourcePack:Forge Mod Loader, FMLFileResourcePack:Minecraft Forge, FMLFileResourcePack:Electricity Mod
[15:19:09] [Sound Library Loader/INFO]: Starting up SoundSystem...
[15:19:10] [Thread-8/INFO]: Initializing LWJGL OpenAL
[15:19:10] [Thread-8/INFO]: (The LWJGL binding of OpenAL.  For more information, see http://www.lwjgl.org)
[15:19:10] [Thread-8/INFO]: OpenAL initialized.
[15:19:10] [Sound Library Loader/INFO]: Sound engine started
[15:19:14] [Client thread/INFO]: Created: 16x16 textures-atlas
[15:19:17] [Client thread/INFO]: Reloading ResourceManager: Default, FMLFileResourcePack:Forge Mod Loader, FMLFileResourcePack:Minecraft Forge, FMLFileResourcePack:Electricity Mod
[15:19:19] [Client thread/INFO]: SoundSystem shutting down...
[15:19:19] [Client thread/WARN]: Author: Paul Lamb, www.paulscode.com
[15:19:19] [Sound Library Loader/INFO]: Starting up SoundSystem...
[15:19:20] [Thread-10/INFO]: Initializing LWJGL OpenAL
[15:19:20] [Thread-10/INFO]: (The LWJGL binding of OpenAL.  For more information, see http://www.lwjgl.org)
[15:19:20] [Thread-10/INFO]: OpenAL initialized.
[15:19:20] [Sound Library Loader/INFO]: Sound engine started
[15:19:23] [Client thread/INFO]: Created: 512x512 textures-atlas
[15:19:25] [Client thread/WARN]: Skipping bad option: lastServer:
[15:19:32] [Server thread/INFO]: Starting integrated minecraft server version 1.10.2
[15:19:32] [Server thread/INFO]: Generating keypair
[15:19:33] [Server thread/INFO]: Preparing start region for level 0
[15:19:34] [Server thread/INFO]: Changing view distance to 12, from 10
[15:20:10] [Client thread/WARN]: Couldn't look up profile properties for com.mojang.authlib.GameProfile@11e88710[id=7fac0f4d-6ee9-33e9-a874-7b4a3cc238c6,name=Player918,properties={},legacy=false]
com.mojang.authlib.exceptions.AuthenticationUnavailableException: Cannot contact authentication server
	at com.mojang.authlib.yggdrasil.YggdrasilAuthenticationService.makeRequest(YggdrasilAuthenticationService.java:71) ~[YggdrasilAuthenticationService.class:?]
	at com.mojang.authlib.yggdrasil.YggdrasilMinecraftSessionService.fillGameProfile(YggdrasilMinecraftSessionService.java:175) [YggdrasilMinecraftSessionService.class:?]
	at com.mojang.authlib.yggdrasil.YggdrasilMinecraftSessionService.fillProfileProperties(YggdrasilMinecraftSessionService.java:168) [YggdrasilMinecraftSessionService.class:?]
	at net.minecraft.client.Minecraft.launchIntegratedServer(Minecraft.java:2450) [Minecraft.class:?]
	at net.minecraftforge.fml.client.FMLClientHandler.tryLoadExistingWorld(FMLClientHandler.java:723) [FMLClientHandler.class:?]
	at net.minecraft.client.gui.GuiListWorldSelectionEntry.loadWorld(GuiListWorldSelectionEntry.java:249) [GuiListWorldSelectionEntry.class:?]
	at net.minecraft.client.gui.GuiListWorldSelectionEntry.joinWorld(GuiListWorldSelectionEntry.java:203) [GuiListWorldSelectionEntry.class:?]
	at net.minecraft.client.gui.GuiListWorldSelectionEntry.mousePressed(GuiListWorldSelectionEntry.java:167) [GuiListWorldSelectionEntry.class:?]
	at net.minecraft.client.gui.GuiListExtended.mouseClicked(GuiListExtended.java:57) [GuiListExtended.class:?]
	at net.minecraft.client.gui.GuiWorldSelection.mouseClicked(GuiWorldSelection.java:134) [GuiWorldSelection.class:?]
	at net.minecraft.client.gui.GuiScreen.handleMouseInput(GuiScreen.java:619) [GuiScreen.class:?]
	at net.minecraft.client.gui.GuiWorldSelection.handleMouseInput(GuiWorldSelection.java:49) [GuiWorldSelection.class:?]
	at net.minecraft.client.gui.GuiScreen.handleInput(GuiScreen.java:585) [GuiScreen.class:?]
	at net.minecraft.client.Minecraft.runTick(Minecraft.java:1797) [Minecraft.class:?]
	at net.minecraft.client.Minecraft.runGameLoop(Minecraft.java:1118) [Minecraft.class:?]
	at net.minecraft.client.Minecraft.run(Minecraft.java:406) [Minecraft.class:?]
	at net.minecraft.client.main.Main.main(Main.java:118) [Main.class:?]
	at sun.reflect.NativeMethodAccessorImpl.invoke0(Native Method) ~[?:1.8.0_121]
	at sun.reflect.NativeMethodAccessorImpl.invoke(NativeMethodAccessorImpl.java:62) ~[?:1.8.0_121]
	at sun.reflect.DelegatingMethodAccessorImpl.invoke(DelegatingMethodAccessorImpl.java:43) ~[?:1.8.0_121]
	at java.lang.reflect.Method.invoke(Method.java:498) ~[?:1.8.0_121]
	at net.minecraft.launchwrapper.Launch.launch(Launch.java:135) [launchwrapper-1.12.jar:?]
	at net.minecraft.launchwrapper.Launch.main(Launch.java:28) [launchwrapper-1.12.jar:?]
	at sun.reflect.NativeMethodAccessorImpl.invoke0(Native Method) ~[?:1.8.0_121]
	at sun.reflect.NativeMethodAccessorImpl.invoke(NativeMethodAccessorImpl.java:62) ~[?:1.8.0_121]
	at sun.reflect.DelegatingMethodAccessorImpl.invoke(DelegatingMethodAccessorImpl.java:43) ~[?:1.8.0_121]
	at java.lang.reflect.Method.invoke(Method.java:498) ~[?:1.8.0_121]
	at net.minecraftforge.gradle.GradleStartCommon.launch(GradleStartCommon.java:97) [start/:?]
	at GradleStart.main(GradleStart.java:26) [start/:?]
Caused by: java.net.SocketTimeoutException: connect timed out
	at java.net.TwoStacksPlainSocketImpl.socketConnect(Native Method) ~[?:1.8.0_121]
	at java.net.AbstractPlainSocketImpl.doConnect(AbstractPlainSocketImpl.java:350) ~[?:1.8.0_121]
	at java.net.AbstractPlainSocketImpl.connectToAddress(AbstractPlainSocketImpl.java:206) ~[?:1.8.0_121]
	at java.net.AbstractPlainSocketImpl.connect(AbstractPlainSocketImpl.java:188) ~[?:1.8.0_121]
	at java.net.PlainSocketImpl.connect(PlainSocketImpl.java:172) ~[?:1.8.0_121]
	at java.net.SocksSocketImpl.connect(SocksSocketImpl.java:392) ~[?:1.8.0_121]
	at java.net.Socket.connect(Socket.java:589) ~[?:1.8.0_121]
	at sun.security.ssl.SSLSocketImpl.connect(SSLSocketImpl.java:668) ~[?:1.8.0_121]
	at sun.net.NetworkClient.doConnect(NetworkClient.java:175) ~[?:1.8.0_121]
	at sun.net.www.http.HttpClient.openServer(HttpClient.java:432) ~[?:1.8.0_121]
	at sun.net.www.http.HttpClient.openServer(HttpClient.java:527) ~[?:1.8.0_121]
	at sun.net.www.protocol.https.HttpsClient.<init>(HttpsClient.java:264) ~[?:1.8.0_121]
	at sun.net.www.protocol.https.HttpsClient.New(HttpsClient.java:367) ~[?:1.8.0_121]
	at sun.net.www.protocol.https.AbstractDelegateHttpsURLConnection.getNewHttpClient(AbstractDelegateHttpsURLConnection.java:191) ~[?:1.8.0_121]
	at sun.net.www.protocol.http.HttpURLConnection.plainConnect0(HttpURLConnection.java:1181) ~[?:1.8.0_121]
	at sun.net.www.protocol.http.HttpURLConnection$6.run(HttpURLConnection.java:1022) ~[?:1.8.0_121]
	at sun.net.www.protocol.http.HttpURLConnection$6.run(HttpURLConnection.java:1020) ~[?:1.8.0_121]
	at java.security.AccessController.doPrivileged(Native Method) ~[?:1.8.0_121]
	at java.security.AccessController.doPrivilegedWithCombiner(AccessController.java:782) ~[?:1.8.0_121]
	at sun.net.www.protocol.http.HttpURLConnection.plainConnect(HttpURLConnection.java:1019) ~[?:1.8.0_121]
	at sun.net.www.protocol.https.AbstractDelegateHttpsURLConnection.connect(AbstractDelegateHttpsURLConnection.java:177) ~[?:1.8.0_121]
	at sun.net.www.protocol.http.HttpURLConnection.getInputStream0(HttpURLConnection.java:1546) ~[?:1.8.0_121]
	at sun.net.www.protocol.http.HttpURLConnection.access$200(HttpURLConnection.java:91) ~[?:1.8.0_121]
	at sun.net.www.protocol.http.HttpURLConnection$9.run(HttpURLConnection.java:1466) ~[?:1.8.0_121]
	at sun.net.www.protocol.http.HttpURLConnection$9.run(HttpURLConnection.java:1464) ~[?:1.8.0_121]
	at java.security.AccessController.doPrivileged(Native Method) ~[?:1.8.0_121]
	at java.security.AccessController.doPrivilegedWithCombiner(AccessController.java:782) ~[?:1.8.0_121]
	at sun.net.www.protocol.http.HttpURLConnection.getInputStream(HttpURLConnection.java:1463) ~[?:1.8.0_121]
	at sun.net.www.protocol.https.HttpsURLConnectionImpl.getInputStream(HttpsURLConnectionImpl.java:254) ~[?:1.8.0_121]
	at com.mojang.authlib.HttpAuthenticationService.performGetRequest(HttpAuthenticationService.java:126) ~[HttpAuthenticationService.class:?]
	at com.mojang.authlib.yggdrasil.YggdrasilAuthenticationService.makeRequest(YggdrasilAuthenticationService.java:54) ~[YggdrasilAuthenticationService.class:?]
	... 28 more
[15:20:11] [Server thread/INFO]: Player918[local:E:5dd8122c] logged in with entity id 44 at (713.8676990054876, 56.0, -439.00712670572653)
[15:20:11] [Server thread/INFO]: Player918 joined the game
[15:20:12] [Server thread/INFO]: Saving and pausing game...
[15:20:12] [Server thread/INFO]: Saving chunks for level 'TestWorld'/Overworld
[15:20:12] [Server thread/INFO]: Saving chunks for level 'TestWorld'/Nether
[15:20:12] [Server thread/INFO]: Saving chunks for level 'TestWorld'/The End
[15:20:16] [Server thread/INFO]: Player918 has just earned the achievement [Taking Inventory]
[15:20:16] [Client thread/INFO]: [CHAT] Player918 has just earned the achievement [Taking Inventory]
[15:20:28] [pool-2-thread-1/WARN]: Couldn't look up profile properties for com.mojang.authlib.GameProfile@732b0ff8[id=7fac0f4d-6ee9-33e9-a874-7b4a3cc238c6,name=Player918,properties={},legacy=false]
com.mojang.authlib.exceptions.AuthenticationUnavailableException: Cannot contact authentication server
	at com.mojang.authlib.yggdrasil.YggdrasilAuthenticationService.makeRequest(YggdrasilAuthenticationService.java:71) ~[YggdrasilAuthenticationService.class:?]
	at com.mojang.authlib.yggdrasil.YggdrasilMinecraftSessionService.fillGameProfile(YggdrasilMinecraftSessionService.java:175) [YggdrasilMinecraftSessionService.class:?]
	at com.mojang.authlib.yggdrasil.YggdrasilMinecraftSessionService$1.load(YggdrasilMinecraftSessionService.java:59) [YggdrasilMinecraftSessionService$1.class:?]
	at com.mojang.authlib.yggdrasil.YggdrasilMinecraftSessionService$1.load(YggdrasilMinecraftSessionService.java:56) [YggdrasilMinecraftSessionService$1.class:?]
	at com.google.common.cache.LocalCache$LoadingValueReference.loadFuture(LocalCache.java:3524) [guava-17.0.jar:?]
	at com.google.common.cache.LocalCache$Segment.loadSync(LocalCache.java:2317) [guava-17.0.jar:?]
	at com.google.common.cache.LocalCache$Segment.lockedGetOrLoad(LocalCache.java:2280) [guava-17.0.jar:?]
	at com.google.common.cache.LocalCache$Segment.get(LocalCache.java:2195) [guava-17.0.jar:?]
	at com.google.common.cache.LocalCache.get(LocalCache.java:3934) [guava-17.0.jar:?]
	at com.google.common.cache.LocalCache.getOrLoad(LocalCache.java:3938) [guava-17.0.jar:?]
	at com.google.common.cache.LocalCache$LocalLoadingCache.get(LocalCache.java:4821) [guava-17.0.jar:?]
	at com.google.common.cache.LocalCache$LocalLoadingCache.getUnchecked(LocalCache.java:4827) [guava-17.0.jar:?]
	at com.mojang.authlib.yggdrasil.YggdrasilMinecraftSessionService.fillProfileProperties(YggdrasilMinecraftSessionService.java:165) [YggdrasilMinecraftSessionService.class:?]
	at net.minecraft.client.Minecraft.getProfileProperties(Minecraft.java:3060) [Minecraft.class:?]
	at net.minecraft.client.resources.SkinManager$3.run(SkinManager.java:131) [SkinManager$3.class:?]
	at java.util.concurrent.Executors$RunnableAdapter.call(Executors.java:511) [?:1.8.0_121]
	at java.util.concurrent.FutureTask.run(FutureTask.java:266) [?:1.8.0_121]
	at java.util.concurrent.ThreadPoolExecutor.runWorker(ThreadPoolExecutor.java:1142) [?:1.8.0_121]
	at java.util.concurrent.ThreadPoolExecutor$Worker.run(ThreadPoolExecutor.java:617) [?:1.8.0_121]
	at java.lang.Thread.run(Thread.java:745) [?:1.8.0_121]
Caused by: java.net.SocketTimeoutException: connect timed out
	at java.net.TwoStacksPlainSocketImpl.socketConnect(Native Method) ~[?:1.8.0_121]
	at java.net.AbstractPlainSocketImpl.doConnect(AbstractPlainSocketImpl.java:350) ~[?:1.8.0_121]
	at java.net.AbstractPlainSocketImpl.connectToAddress(AbstractPlainSocketImpl.java:206) ~[?:1.8.0_121]
	at java.net.AbstractPlainSocketImpl.connect(AbstractPlainSocketImpl.java:188) ~[?:1.8.0_121]
	at java.net.PlainSocketImpl.connect(PlainSocketImpl.java:172) ~[?:1.8.0_121]
	at java.net.SocksSocketImpl.connect(SocksSocketImpl.java:392) ~[?:1.8.0_121]
	at java.net.Socket.connect(Socket.java:589) ~[?:1.8.0_121]
	at sun.security.ssl.SSLSocketImpl.connect(SSLSocketImpl.java:668) ~[?:1.8.0_121]
	at sun.net.NetworkClient.doConnect(NetworkClient.java:175) ~[?:1.8.0_121]
	at sun.net.www.http.HttpClient.openServer(HttpClient.java:432) ~[?:1.8.0_121]
	at sun.net.www.http.HttpClient.openServer(HttpClient.java:527) ~[?:1.8.0_121]
	at sun.net.www.protocol.https.HttpsClient.<init>(HttpsClient.java:264) ~[?:1.8.0_121]
	at sun.net.www.protocol.https.HttpsClient.New(HttpsClient.java:367) ~[?:1.8.0_121]
	at sun.net.www.protocol.https.AbstractDelegateHttpsURLConnection.getNewHttpClient(AbstractDelegateHttpsURLConnection.java:191) ~[?:1.8.0_121]
	at sun.net.www.protocol.http.HttpURLConnection.plainConnect0(HttpURLConnection.java:1181) ~[?:1.8.0_121]
	at sun.net.www.protocol.http.HttpURLConnection$6.run(HttpURLConnection.java:1022) ~[?:1.8.0_121]
	at sun.net.www.protocol.http.HttpURLConnection$6.run(HttpURLConnection.java:1020) ~[?:1.8.0_121]
	at java.security.AccessController.doPrivileged(Native Method) ~[?:1.8.0_121]
	at java.security.AccessController.doPrivilegedWithCombiner(AccessController.java:782) ~[?:1.8.0_121]
	at sun.net.www.protocol.http.HttpURLConnection.plainConnect(HttpURLConnection.java:1019) ~[?:1.8.0_121]
	at sun.net.www.protocol.https.AbstractDelegateHttpsURLConnection.connect(AbstractDelegateHttpsURLConnection.java:177) ~[?:1.8.0_121]
	at sun.net.www.protocol.http.HttpURLConnection.getInputStream0(HttpURLConnection.java:1546) ~[?:1.8.0_121]
	at sun.net.www.protocol.http.HttpURLConnection.access$200(HttpURLConnection.java:91) ~[?:1.8.0_121]
	at sun.net.www.protocol.http.HttpURLConnection$9.run(HttpURLConnection.java:1466) ~[?:1.8.0_121]
	at sun.net.www.protocol.http.HttpURLConnection$9.run(HttpURLConnection.java:1464) ~[?:1.8.0_121]
	at java.security.AccessController.doPrivileged(Native Method) ~[?:1.8.0_121]
	at java.security.AccessController.doPrivilegedWithCombiner(AccessController.java:782) ~[?:1.8.0_121]
	at sun.net.www.protocol.http.HttpURLConnection.getInputStream(HttpURLConnection.java:1463) ~[?:1.8.0_121]
	at sun.net.www.protocol.https.HttpsURLConnectionImpl.getInputStream(HttpsURLConnectionImpl.java:254) ~[?:1.8.0_121]
	at com.mojang.authlib.HttpAuthenticationService.performGetRequest(HttpAuthenticationService.java:126) ~[HttpAuthenticationService.class:?]
	at com.mojang.authlib.yggdrasil.YggdrasilAuthenticationService.makeRequest(YggdrasilAuthenticationService.java:54) ~[YggdrasilAuthenticationService.class:?]
	... 19 more
[15:21:51] [Server thread/INFO]: [Player918: Set own game mode to Survival Mode]
[15:21:51] [Client thread/INFO]: [CHAT] Your game mode has been updated to Survival Mode
[15:24:12] [Server thread/INFO]: [Player918: Given Hunger (ID 17) * 10 to Player918 for 1 seconds]
[15:24:12] [Client thread/INFO]: [CHAT] Given Hunger (ID 17) * 10 to Player918 for 1 seconds
[15:24:15] [Server thread/INFO]: [Player918: Given Hunger (ID 17) * 100 to Player918 for 1 seconds]
[15:24:15] [Client thread/INFO]: [CHAT] Given Hunger (ID 17) * 100 to Player918 for 1 seconds
[15:24:22] [Server thread/INFO]: [Player918: Given Hunger (ID 17) * 100 to Player918 for 1 seconds]
[15:24:22] [Client thread/INFO]: [CHAT] Given Hunger (ID 17) * 100 to Player918 for 1 seconds
[15:24:23] [Server thread/INFO]: [Player918: Given Hunger (ID 17) * 100 to Player918 for 1 seconds]
[15:24:23] [Client thread/INFO]: [CHAT] Given Hunger (ID 17) * 100 to Player918 for 1 seconds
[15:24:23] [Server thread/INFO]: [Player918: Given Hunger (ID 17) * 100 to Player918 for 1 seconds]
[15:24:23] [Client thread/INFO]: [CHAT] Given Hunger (ID 17) * 100 to Player918 for 1 seconds
[15:25:14] [Server thread/INFO]: [Player918: Set own game mode to Creative Mode]
[15:25:14] [Client thread/INFO]: [CHAT] Your game mode has been updated to Creative Mode
[15:33:20] [Client thread/INFO]: [CHAT] Usage: /give <player> <item> [amount] [data] [dataTag]
[15:33:26] [Client thread/INFO]: [CHAT] Usage: /give <player> <item> [amount] [data] [dataTag]
[15:33:42] [Server thread/INFO]: Saving and pausing game...
[15:33:42] [Server thread/INFO]: Saving chunks for level 'TestWorld'/Overworld
[15:33:42] [Server thread/INFO]: Saving chunks for level 'TestWorld'/Nether
[15:33:42] [Server thread/INFO]: Saving chunks for level 'TestWorld'/The End
[15:33:42] [Server thread/INFO]: Stopping server
[15:33:42] [Server thread/INFO]: Saving players
[15:33:42] [Server thread/INFO]: Saving worlds
[15:33:42] [Server thread/INFO]: Saving chunks for level 'TestWorld'/Overworld
[15:33:42] [Server thread/INFO]: Saving chunks for level 'TestWorld'/Nether
[15:33:42] [Server thread/INFO]: Saving chunks for level 'TestWorld'/The End
[15:33:45] [Client thread/INFO]: Stopping!
[15:33:45] [Client thread/INFO]: SoundSystem shutting down...
[15:33:45] [Client thread/WARN]: Author: Paul Lamb, www.paulscode.com
